[2016.12.29-19.06.50:889][  0]Log file open, 12/29/16 22:06:50
[2016.12.29-19.06.50:889][  0]LogInit:Display: Running engine for game: myproject2
[2016.12.29-19.06.50:889][  0]LogPlatformFile: Not using cached read wrapper
[2016.12.29-19.06.50:889][  0]LogInit:Display: RandInit(1133059737) SRandInit(1133059739).
[2016.12.29-19.06.50:889][  0]LogTaskGraph: Started task graph with 4 named threads and 7 total threads.
[2016.12.29-19.06.50:889][  0]LogStats: Stats thread started at 0.160397
[2016.12.29-19.06.50:889][  0]LogInit: Version: 4.10.0-2758231+++depot+UE4-Releases+4.10
[2016.12.29-19.06.50:889][  0]LogInit: API Version: 2758231
[2016.12.29-19.06.50:889][  0]LogInit: Compiled (64-bit): Nov  7 2015 05:13:45
[2016.12.29-19.06.50:889][  0]LogInit: Compiled with Visual C++: 19.00.23026.00
[2016.12.29-19.06.50:889][  0]LogInit: Build Configuration: Development
[2016.12.29-19.06.50:889][  0]LogInit: Branch Name: ++depot+UE4-Releases+4.10
[2016.12.29-19.06.50:889][  0]LogInit: Command line:  
[2016.12.29-19.06.50:889][  0]LogInit: Base directory: D:/Program Files/Epic Games/4.10/Engine/Binaries/Win64/
[2016.12.29-19.06.50:889][  0]LogInit: Rocket: 1
[2016.12.29-19.06.50:927][  0]LogInit: Using libcurl 7.41.0
[2016.12.29-19.06.50:927][  0]LogInit:  - built for x86_64-pc-win32
[2016.12.29-19.06.50:927][  0]LogInit:  - supports SSL with WinSSL
[2016.12.29-19.06.50:927][  0]LogInit:  - other features:
[2016.12.29-19.06.50:927][  0]LogInit:      CURL_VERSION_SSL
[2016.12.29-19.06.50:927][  0]LogInit:      CURL_VERSION_IPV6
[2016.12.29-19.06.50:927][  0]LogInit:      CURL_VERSION_ASYNCHDNS
[2016.12.29-19.06.50:927][  0]LogInit:      CURL_VERSION_LARGEFILE
[2016.12.29-19.06.50:927][  0]LogInit:      CURL_VERSION_IDN
[2016.12.29-19.06.50:927][  0]LogInit:  CurlRequestOptions (configurable via config and command line):
[2016.12.29-19.06.50:927][  0]LogInit:  - bVerifyPeer = true  - Libcurl will verify peer certificate
[2016.12.29-19.06.50:927][  0]LogInit:  - bUseHttpProxy = false  - Libcurl will NOT use HTTP proxy
[2016.12.29-19.06.50:927][  0]LogInit:  - bDontReuseConnections = false  - Libcurl will reuse connections
[2016.12.29-19.06.50:927][  0]LogInit:  - CertBundlePath = nullptr  - Libcurl will use whatever was configured at build time.
[2016.12.29-19.06.51:012][  0]LogInit: Presizing for 0 objects not considered by GC, pre-allocating 0 bytes.
[2016.12.29-19.06.51:012][  0]LogInit: Object subsystem initialized
[2016.12.29-19.06.51:012][  0]LogInit: Selected Device Profile: [Windows]
[2016.12.29-19.06.51:012][  0]LogInit: Applying CVar settings loaded from the selected device profile: [Windows]
[2016.12.29-19.06.51:044][  0]LogInit: Computer: NAZLı-OZAN
[2016.12.29-19.06.51:044][  0]LogInit: User: Ozann
[2016.12.29-19.06.51:044][  0]LogInit: CPU Page size=4096, Cores=4
[2016.12.29-19.06.51:044][  0]LogInit: High frequency timer resolution =3.030837 MHz
[2016.12.29-19.06.51:044][  0]LogMemory: Memory total: Physical=12.0GB (12GB approx)
[2016.12.29-19.06.51:044][  0]LogMemory: Platform Memory Stats for Windows
[2016.12.29-19.06.51:044][  0]LogMemory: Process Physical Memory: 56.37 MB used, 56.37 MB peak
[2016.12.29-19.06.51:044][  0]LogMemory: Process Virtual Memory: 58.79 MB used, 58.79 MB peak
[2016.12.29-19.06.51:044][  0]LogMemory: Physical Memory: 4269.21 MB used, 12286.43 MB total
[2016.12.29-19.06.51:044][  0]LogMemory: Virtual Memory: 384.79 MB used, 134217728.00 MB total
[2016.12.29-19.06.51:435][  0]LogTextLocalizationManager: No translations for ('tr-TR') exist, falling back to 'en' for localization and internationalization data.
[2016.12.29-19.06.51:999][  0]LogD3D11RHI: Found D3D11 adapter 0: AMD Radeon R9 200 Series (Feature Level 11_0)
[2016.12.29-19.06.51:999][  0]LogD3D11RHI: Adapter has 2029MB of dedicated video memory, 0MB of dedicated system memory, and 6143MB of shared system memory, 1 output[s]
[2016.12.29-19.06.52:001][  0]LogD3D11RHI: Found D3D11 adapter 1: Microsoft Basic Render Driver (Feature Level 11_0)
[2016.12.29-19.06.52:001][  0]LogD3D11RHI: Adapter has 0MB of dedicated video memory, 0MB of dedicated system memory, and 6143MB of shared system memory, 0 output[s]
[2016.12.29-19.06.52:001][  0]LogD3D11RHI: Chosen D3D11 Adapter Id = 0
[2016.12.29-19.06.52:005][  0]LogD3D11RHI: !Direct3DDevice
[2016.12.29-19.06.52:005][  0]LogRHI: Texture pool is 1361 MB (70% of 1945 MB)
[2016.12.29-19.06.52:014][  0]LogD3D11RHI: Async texture creation disabled: no driver support
[2016.12.29-19.06.52:027][  0]LogShaderCompilers: Guid format shader working directory is 1 characters bigger than the processId version (C:/Users/Ozann/Desktop/portrundeneme/portrun/Intermediate/Shaders/WorkingDirectory/10640/).
[2016.12.29-19.06.52:027][  0]LogShaderCompilers: Cleaned the shader compiler working directory 'C:/Users/Ozann/AppData/Local/Temp/UnrealShaderWorkingDir/847F30444CE1A988A2BB709F691DDDE6/'.
[2016.12.29-19.06.52:027][  0]LogShaderCompilers:Display: Using Local Shader Compiler.
[2016.12.29-19.06.54:534][  0]LogTemp:Display: Loaded TP AllDesktopTargetPlatform
[2016.12.29-19.06.54:539][  0]LogTemp:Display: Loaded TP WindowsClientTargetPlatform
[2016.12.29-19.06.54:544][  0]LogTemp:Display: Loaded TP WindowsNoEditorTargetPlatform
[2016.12.29-19.06.54:549][  0]LogTemp:Display: Loaded TP WindowsServerTargetPlatform
[2016.12.29-19.06.54:553][  0]LogTemp:Display: Loaded TP WindowsTargetPlatform
[2016.12.29-19.06.54:576][  0]LogTemp:Display: Loaded TP AndroidTargetPlatform
[2016.12.29-19.06.54:600][  0]LogTemp:Display: Loaded TP Android_ASTCTargetPlatform
[2016.12.29-19.06.54:613][  0]LogTemp:Display: Loaded TP Android_ATCTargetPlatform
[2016.12.29-19.06.54:633][  0]LogTemp:Display: Loaded TP Android_DXTTargetPlatform
[2016.12.29-19.06.54:659][  0]LogTemp:Display: Loaded TP Android_ETC1TargetPlatform
[2016.12.29-19.06.54:680][  0]LogTemp:Display: Loaded TP Android_ETC2TargetPlatform
[2016.12.29-19.06.54:688][  0]LogTemp:Display: Loaded TP Android_MultiTargetPlatform
[2016.12.29-19.06.54:688][  0]LogTemp:Display: Loaded TP Android_PVRTCTargetPlatform
[2016.12.29-19.06.54:689][  0]LogTemp:Display: Loaded TP HTML5TargetPlatform
[2016.12.29-19.06.54:775][  0]LogTemp:Display: Loaded TP IOSTargetPlatform
[2016.12.29-19.06.54:778][  0]LogTemp:Display: Loaded TP LinuxNoEditorTargetPlatform
[2016.12.29-19.06.54:781][  0]LogTemp:Display: Loaded TP LinuxServerTargetPlatform
[2016.12.29-19.06.54:795][  0]LogTemp:Display: Loaded TP LinuxTargetPlatform
[2016.12.29-19.06.54:795][  0]LogTargetPlatformManager:Display: Building Assets For Windows
[2016.12.29-19.06.55:473][  0]LogDerivedDataCache:Display: Max Cache Size: 512 MB
[2016.12.29-19.06.55:820][  0]LogDerivedDataCache: Loaded boot cache 0.35s 41MB C:/Users/Ozann/AppData/Local/UnrealEngine/4.10/DerivedDataCache/Boot.ddc.
[2016.12.29-19.06.55:820][  0]LogDerivedDataCache:Display: Loaded Boot cache: C:/Users/Ozann/AppData/Local/UnrealEngine/4.10/DerivedDataCache/Boot.ddc
[2016.12.29-19.06.55:820][  0]LogDerivedDataCache: FDerivedDataBackendGraph:  Pak pak cache file C:/Users/Ozann/Desktop/portrundeneme/portrun/DerivedDataCache/DDC.ddp not found, will not use a pak cache.
[2016.12.29-19.06.55:820][  0]LogDerivedDataCache: Unable to find inner node Pak for hierarchical cache Hierarchy.
[2016.12.29-19.06.55:820][  0]LogDerivedDataCache: FDerivedDataBackendGraph:  CompressedPak pak cache file C:/Users/Ozann/Desktop/portrundeneme/portrun/DerivedDataCache/Compressed.ddp not found, will not use a pak cache.
[2016.12.29-19.06.55:820][  0]LogDerivedDataCache: Unable to find inner node CompressedPak for hierarchical cache Hierarchy.
[2016.12.29-19.06.55:976][  0]LogDerivedDataCache:Display: Pak cache opened for reading ../../../Engine/DerivedDataCache/Compressed.ddp.
[2016.12.29-19.06.55:990][  0]LogDerivedDataCache: Using Local data cache path C:/Users/Ozann/AppData/Local/UnrealEngine/Common/DerivedDataCache: Writable
[2016.12.29-19.07.05:386][  0]LogInit: Selected Device Profile: [Windows]
[2016.12.29-19.07.05:442][  0]LogContentStreaming: Texture pool size is 0.000000MB
[2016.12.29-19.07.06:641][  0]LogMeshUtilities: No automatic mesh reduction module available
[2016.12.29-19.07.06:641][  0]LogMeshUtilities: No automatic mesh merging module available
[2016.12.29-19.07.09:262][  0]LogInit: WinSock: version 1.1 (2.2), MaxSocks=32767, MaxUdp=65467
[2016.12.29-19.07.42:189][  0]UdpMessaging: Initializing bridge on interface 0.0.0.0:0 to multicast group 230.0.0.1:6666.
[2016.12.29-19.07.42:671][  0]LogAssetRegistry: FAssetRegistry took 0.0157 seconds to start up
[2016.12.29-19.07.45:217][  0]SourceControl: Info Source control is disabled
[2016.12.29-19.07.45:263][  0]SourceControl: Info Source control is disabled
[2016.12.29-19.07.45:546][  0]SourceControl: Info Source control is disabled
[2016.12.29-19.07.45:848][  0]SourceControl: Info Source control is disabled
[2016.12.29-19.07.48:335][  0]LogObj: 28633 objects as part of root set at end of initial load.
[2016.12.29-19.07.48:335][  0]LogUObjectAllocator: 6099744 out of 0 bytes used by permanent object pool.
[2016.12.29-19.07.50:012][  0]LogAutomationTest:Warning: Smoke tests took > 1s to run: 1.03s
[2016.12.29-19.07.50:213][  0]LogEngine: Initializing Engine...
[2016.12.29-19.07.50:314][  0]LogHMD: Can't find Oculus library dev build: is proper Runtime installed? Version: 0.8.0.0
[2016.12.29-19.07.50:990][  0]LogHMD: SteamVR failed to initialize.  Err: 104
[2016.12.29-19.07.52:657][  0]LogAIModule: Creating AISystem for world NewWorld
[2016.12.29-19.07.53:075][  0]LogInit: XAudio2 using 'Realtek Digital Output(Optical) (Realtek High Definition Audio)' : 2 channels at 48 kHz using 16 bits per sample (channel mask 0x3)
[2016.12.29-19.07.53:092][  0]LogInit: FAudioDevice initialized.
[2016.12.29-19.07.53:116][  0]LogDerivedDataCache: Saved boot cache 0.02s 41MB C:/Users/Ozann/AppData/Local/UnrealEngine/4.10/DerivedDataCache/Boot.ddc.
[2016.12.29-19.07.53:126][  0]LogInit: Texture streaming: Enabled
[2016.12.29-19.07.53:243][  0]LogAnalytics: Creating configured Analytics provider AnalyticsET
[2016.12.29-19.07.53:301][  0]LogAnalytics: [UEEditor.Rocket.Release] APIServer = http://et2.epicgames.com/ET2/. AppVersion = 4.10.0-2758231+++depot+UE4-Releases+4.10
[2016.12.29-19.07.53:301][  0]LogAnalytics: [UEEditor.Rocket.Release] SetUserId 9e6f719149c7f9c5c86c069cd8ee80bb|fc1da1ab12ef4f61b642ff56ddad5560|4ed41e91-ebc6-4b8c-a532-29993c2f2a9f
[2016.12.29-19.07.53:336][  0]LogAnalytics: [UEEditor.Rocket.Release] AnalyticsET::StartSession
[2016.12.29-19.07.54:275][  0]LogInit: Transaction tracking system initialized
[2016.12.29-19.07.59:390][  0]BlueprintLog: New page: Editor Load
[2016.12.29-19.08.06:710][  0]LocalizationService: Info Localization service is disabled
[2016.12.29-19.08.09:244][  0]LogLinker:Warning: Can't find file '/Game/ThirdPersonBP/ThirdPersonOverview'
[2016.12.29-19.08.09:261][  0]LogLinker:Warning: Can't find file '/Game/ThirdPersonBP/ThirdPersonOverview'
[2016.12.29-19.08.09:261][  0]LogUObjectGlobals:Warning: Failed to find object 'Class /Game/ThirdPersonBP/ThirdPersonOverview.ThirdPersonOverview_C'
[2016.12.29-19.08.10:449][  0]LogConsoleResponse:Display: 
[2016.12.29-19.08.14:955][  0]LogFileCache: Scanning file cache for directory 'C:/Users/Ozann/Desktop/portrundeneme/portrun/Content/' took 0.02s
[2016.12.29-19.08.14:955][  0]LogCook:Display: Done creating registry. It took  0.00s.
[2016.12.29-19.08.23:222][  0]SourceControl: Info Source control is disabled
[2016.12.29-19.08.23:401][  0]Cmd: MAP LOAD FILE="C:/Users/Ozann/Desktop/portrundeneme/portrun/Content/SideScrollerBP/Maps/SideScrollerExampleMap.umap" TEMPLATE=0 SHOWPROGRESS=1 FEATURELEVEL=3
[2016.12.29-19.08.23:474][  0]LightingResults: New page: Lighting Build
[2016.12.29-19.08.24:169][  0]MapCheck: New page: Map Check
[2016.12.29-19.08.24:169][  0]LightingResults: New page: Lighting Build
[2016.12.29-19.08.25:121][  0]LogParticles: Destroying 0 GPU particle simulations for FXSystem 0x000001454D95A020
[2016.12.29-19.08.28:921][  0]LogTexture:Display: Building textures: T_ML_Rubber_Blue_01_D (AutoDXT)
[2016.12.29-19.08.29:297][  0]LogTexture:Display: Building textures: T_ML_Rubber_Blue_01_N (BC5)
[2016.12.29-19.08.29:365][  0]LogTexture:Display: Building textures: T_ML_Aluminum01 (AutoDXT)
[2016.12.29-19.08.29:581][  0]LogTexture:Display: Building textures: T_ML_Aluminum01_N (BC5)
[2016.12.29-19.08.29:628][  0]LogTexture:Display: Building textures: T_UE4_Mannequin_Mobile_M (AutoDXT)
[2016.12.29-19.08.29:804][  0]LogTexture:Display: Building textures: T_UE4_Mannequin_Mobile_N (BC5)
[2016.12.29-19.08.29:950][  0]LogMaterial: Missing cached shader map for material M_UE4Man_Body, compiling. 
[2016.12.29-19.08.30:512][  0]LogMaterial: Missing cached shader map for material M_UE4Man_Body, compiling. 
[2016.12.29-19.08.31:109][  0]LogMaterial: Missing cached shader map for material CubeMaterial, compiling. 
[2016.12.29-19.08.31:441][  0]LogAIModule: Creating AISystem for world SideScrollerExampleMap
[2016.12.29-19.08.32:624][  0]LogEditorServer: Finished looking for orphan Actors (0.000 secs)
[2016.12.29-19.08.32:723][  0]Cmd: MAP CHECKDEP NOCLEARLOG
[2016.12.29-19.08.32:845][  0]MapCheck: Info Map check complete: 0 Error(s), 0 Warning(s), took 121.711ms to complete.
[2016.12.29-19.08.32:845][  0]LogFileHelpers: Loading map 'SideScrollerExampleMap' took 9.527
[2016.12.29-19.08.34:937][  0]LogCollectionManager: Loaded 0 collections in 0.003802 seconds
[2016.12.29-19.08.35:092][  0]LogFileCache: Scanning file cache for directory 'C:/Users/Ozann/Desktop/portrundeneme/portrun/Saved/Collections/' took 0.01s
[2016.12.29-19.08.35:092][  0]LogFileCache: Scanning file cache for directory 'C:/Users/Ozann/Desktop/portrundeneme/portrun/Content/Developers/Ozann/Collections/' took 0.01s
[2016.12.29-19.08.35:092][  0]LogFileCache: Scanning file cache for directory 'C:/Users/Ozann/Desktop/portrundeneme/portrun/Content/Collections/' took 0.01s
[2016.12.29-19.08.35:092][  0]LogCollectionManager: Rebuilt the GUID cache for 0 collections in 0.000003 seconds
[2016.12.29-19.08.35:122][  0]LogContentBrowser: Native class hierarchy populated in 0.0291 seconds. Added 1893 classes and 338 folders.
[2016.12.29-19.08.35:199][  0]LogContentBrowser: Native class hierarchy updated for 'WidgetCarousel' in 0.0006 seconds. Added 0 classes and 0 folders.
[2016.12.29-19.08.36:419][  0]LogContentBrowser: Native class hierarchy updated for 'AddContentDialog' in 0.0006 seconds. Added 0 classes and 0 folders.
[2016.12.29-19.08.36:495][  0]LogContentBrowser: Native class hierarchy updated for 'SceneOutliner' in 0.0007 seconds. Added 1 classes and 2 folders.
[2016.12.29-19.08.37:341][  0]LogCrashTracker: Crashtracker disabled due to settings.
[2016.12.29-19.08.37:504][  0]LogUObjectGlobals:Warning: Failed to find object 'Class None.'
[2016.12.29-19.08.37:585][  0]LogLoad: Full Startup: 108.04 seconds (BP compile: 1.65 seconds)
[2016.12.29-19.08.37:649][  0]LogOcInput: Can't find Oculus library dev build: is proper Runtime installed? Version: 0.8.0.0
[2016.12.29-19.08.37:989][  0]LogContentStreaming: Texture pool size now 1000 MB
[2016.12.29-19.08.38:450][  0]LogRenderer: Reallocating scene render targets to support 888x500 (Frame:2).
[2016.12.29-19.08.39:765][ 10]LogAssetRegistry: Asset discovery search completed in 57.1055 seconds
[2016.12.29-19.08.39:773][ 10]LogCollectionManager: Rebuilt the object cache for 0 collections in 0.000003 seconds (found 0 objects)
[2016.12.29-19.08.39:773][ 10]LogCollectionManager: Fixed up redirectors for 0 collections in 0.000098 seconds (updated 0 objects)
[2016.12.29-19.08.43:271][340]LogBlueprintUserMessages: Early PlayInEditor Detection: Level '/Game/SideScrollerBP/Maps/SideScrollerExampleMap.SideScrollerExampleMap:PersistentLevel' has LevelScriptBlueprint '/Game/SideScrollerBP/Maps/SideScrollerExampleMap.SideScrollerExampleMap:PersistentLevel.SideScrollerExampleMap' with GeneratedClass '/Game/SideScrollerBP/Maps/SideScrollerExampleMap.SideScrollerExampleMap_C' with ClassGeneratedBy '/Game/SideScrollerBP/Maps/SideScrollerExampleMap.SideScrollerExampleMap:PersistentLevel.SideScrollerExampleMap'
[2016.12.29-19.08.43:271][340]LogPlayLevel: PlayLevel: No blueprints needed recompiling
[2016.12.29-19.08.43:283][340]PIE: New page: PIE session: SideScrollerExampleMap (Dec 30, 2016, 12:08:43 AM)
[2016.12.29-19.08.43:284][340]LogPlayLevel: Creating play world package: /Game/SideScrollerBP/Maps/UEDPIE_0_SideScrollerExampleMap
[2016.12.29-19.08.43:352][340]LogPlayLevel: PIE: StaticDuplicateObject took: (0.068175s)
[2016.12.29-19.08.43:353][340]LogAIModule: Creating AISystem for world SideScrollerExampleMap
[2016.12.29-19.08.43:354][340]LogPlayLevel: PIE: World Init took: (0.001918s)
[2016.12.29-19.08.43:364][340]LogPlayLevel: PIE: Created PIE world by copying editor world from /Game/SideScrollerBP/Maps/SideScrollerExampleMap.SideScrollerExampleMap to /Game/SideScrollerBP/Maps/UEDPIE_0_SideScrollerExampleMap.SideScrollerExampleMap (0.080847s)
[2016.12.29-19.08.43:375][340]LogActorComponent: UnregisterComponent: (/Engine/Transient.CharMoveComp) Not registered. Aborting.
[2016.12.29-19.08.43:384][340]LogActorComponent: UnregisterComponent: (/Engine/Transient.CharacterMovementComponent_0) Not registered. Aborting.
[2016.12.29-19.08.43:467][340]LogInit: XAudio2 using 'Realtek Digital Output(Optical) (Realtek High Definition Audio)' : 2 channels at 48 kHz using 16 bits per sample (channel mask 0x3)
[2016.12.29-19.08.43:483][340]LogInit: FAudioDevice initialized.
[2016.12.29-19.08.43:998][340]LogWorld: Game class is 'SideScrollerGameMode_C'
[2016.12.29-19.08.44:038][340]LogWorld: Bringing World /Game/SideScrollerBP/Maps/UEDPIE_0_SideScrollerExampleMap.SideScrollerExampleMap up for play (max tick rate 0) at 2016.12.29-22.08.44
[2016.12.29-19.08.44:038][340]LogActor:Warning: GameSession /Game/SideScrollerBP/Maps/UEDPIE_0_SideScrollerExampleMap.SideScrollerExampleMap:PersistentLevel.GameSession_0 has natively added scene component(s), but none of them were set as the actor's RootComponent - picking one arbitrarily
[2016.12.29-19.08.44:038][340]LogActor:Warning: GameNetworkManager /Game/SideScrollerBP/Maps/UEDPIE_0_SideScrollerExampleMap.SideScrollerExampleMap:PersistentLevel.GameNetworkManager_0 has natively added scene component(s), but none of them were set as the actor's RootComponent - picking one arbitrarily
[2016.12.29-19.08.44:092][340]LogWorld: Bringing up level for play took: 0.058844
[2016.12.29-19.09.14:669][340]LogOutputDevice:Warning: === Handled error: ===

Ensure condition failed: MyNavData [File:D:\BuildFarm\buildmachine_++depot+UE4-Releases+4.10\Engine\Source\Runtime\AIModule\Private\Navigation\PathFollowingComponent.cpp] [Line: 511]

Stack: 
UE4Editor-Core.dll!FWindowsPlatformStackWalk::StackWalkAndDump() [d:\buildfarm\buildmachine_++depot+ue4-releases+4.10\engine\source\runtime\core\private\windows\windowsplatformstackwalk.cpp:175]
UE4Editor-Core.dll!FDebug::EnsureFailed() [d:\buildfarm\buildmachine_++depot+ue4-releases+4.10\engine\source\runtime\core\private\misc\outputdevice.cpp:276]
UE4Editor-Core.dll!FDebug::OptionallyLogFormattedEnsureMessageReturningFalse() [d:\buildfarm\buildmachine_++depot+ue4-releases+4.10\engine\source\runtime\core\private\misc\outputdevice.cpp:385]
UE4Editor-AIModule.dll!UPathFollowingComponent::RecacheNavigationData() [d:\buildfarm\buildmachine_++depot+ue4-releases+4.10\engine\source\runtime\aimodule\private\navigation\pathfollowingcomponent.cpp:511]
UE4Editor-AIModule.dll!TBaseUObjectMethodDelegateInstance<0,UPathFollowingComponent,void __cdecl(void)>::ExecuteIfSafe() [d:\buildfarm\buildmachine_++depot+ue4-releases+4.10\engine\source\runtime\core\public\delegates\delegateinstancesimpl_variadics.inl:772]
UE4Editor-Engine.dll!TBaseMulticastDelegate<void>::Broadcast() [d:\buildfarm\buildmachine_++depot+ue4-releases+4.10\engine\source\runtime\core\public\delegates\delegatesignatureimpl_variadics.inl:809]
UE4Editor-Engine.dll!UNavigationSystem::OnWorldInitDone() [d:\buildfarm\buildmachine_++depot+ue4-releases+4.10\engine\source\runtime\engine\private\ai\navigation\navigationsystem.cpp:719]
UE4Editor-Engine.dll!UNavigationSystem::InitializeForWorld() [d:\buildfarm\buildmachine_++depot+ue4-releases+4.10\engine\source\runtime\engine\private\ai\navigation\navigationsystem.cpp:2252]
UE4Editor-Engine.dll!UGameInstance::StartPIEGameInstance() [d:\buildfarm\buildmachine_++depot+ue4-releases+4.10\engine\source\runtime\engine\private\gameinstance.cpp:251]
UE4Editor-UnrealEd.dll!UEditorEngine::CreatePIEGameInstance() [d:\buildfarm\buildmachine_++depot+ue4-releases+4.10\engine\source\editor\unrealed\private\playlevel.cpp:3012]
UE4Editor-UnrealEd.dll!UEditorEngine::PlayInEditor() [d:\buildfarm\buildmachine_++depot+ue4-releases+4.10\engine\source\editor\unrealed\private\playlevel.cpp:2259]
UE4Editor-UnrealEd.dll!UEditorEngine::StartQueuedPlayMapRequest() [d:\buildfarm\buildmachine_++depot+ue4-releases+4.10\engine\source\editor\unrealed\private\playlevel.cpp:1048]
UE4Editor-UnrealEd.dll!UEditorEngine::Tick() [d:\buildfarm\buildmachine_++depot+ue4-releases+4.10\engine\source\editor\unrealed\private\editorengine.cpp:1244]
UE4Editor-UnrealEd.dll!UUnrealEdEngine::Tick() [d:\buildfarm\buildmachine_++depot+ue4-releases+4.10\engine\source\editor\unrealed\private\unrealedengine.cpp:361]
UE4Editor.exe!FEngineLoop::Tick() [d:\buildfarm\buildmachine_++depot+ue4-releases+4.10\engine\source\runtime\launch\private\launchengineloop.cpp:2427]
UE4Editor.exe!GuardedMain() [d:\buildfarm\buildmachine_++depot+ue4-releases+4.10\engine\source\runtime\launch\private\launch.cpp:142]
UE4Editor.exe!GuardedMainWrapper() [d:\buildfarm\buildmachine_++depot+ue4-releases+4.10\engine\source\runtime\launch\private\windows\launchwindows.cpp:126]
UE4Editor.exe!WinMain() [d:\buildfarm\buildmachine_++depot+ue4-releases+4.10\engine\source\runtime\launch\private\windows\launchwindows.cpp:200]
UE4Editor.exe!__scrt_common_main_seh() [f:\dd\vctools\crt\vcstartup\src\startup\exe_common.inl:264]
KERNEL32.DLL
ntdll.dll
ntdll.dll

